<?xml version="1.0" encoding="UTF-8"?>
<testng-results ignored="0" total="1" passed="1" failed="0" skipped="0">
  <reporter-output>
  </reporter-output>
  <suite started-at="2021-05-04T05:19:00Z" name="Default suite" finished-at="2021-05-04T05:19:12Z" duration-ms="12038">
    <groups>
    </groups>
    <test started-at="2021-05-04T05:19:00Z" name="Default test" finished-at="2021-05-04T05:19:12Z" duration-ms="12038">
      <class name="homePage.shoppingCart">
        <test-method is-config="true" signature="setUp()[pri:0, instance:homePage.shoppingCart@38102d01]" started-at="2021-05-04T10:49:00Z" name="setUp" finished-at="2021-05-04T10:49:05Z" duration-ms="4837" status="PASS">
          <reporter-output>
          </reporter-output>
        </test-method> <!-- setUp -->
        <test-method signature="validate15ItemLimitInCart()[pri:0, instance:homePage.shoppingCart@38102d01]" started-at="2021-05-04T10:49:05Z" name="validate15ItemLimitInCart" finished-at="2021-05-04T10:49:12Z" duration-ms="6346" status="PASS">
          <reporter-output>
          </reporter-output>
        </test-method> <!-- validate15ItemLimitInCart -->
        <test-method is-config="true" signature="tearDown()[pri:0, instance:homePage.shoppingCart@38102d01]" started-at="2021-05-04T10:49:12Z" name="tearDown" finished-at="2021-05-04T10:49:12Z" duration-ms="835" status="PASS">
          <reporter-output>
          </reporter-output>
        </test-method> <!-- tearDown -->
      </class> <!-- homePage.shoppingCart -->
    </test> <!-- Default test -->
  </suite> <!-- Default suite -->
</testng-results>
